Start testing: Dec 14 01:42 CET
----------------------------------------------------------
1/4 Testing: BasicExample
1/4 Test: BasicExample
Command: "/Users/lucastuscher/Desktop/AZTest-Cpp/build/BasicExample"
Directory: /Users/lucastuscher/Desktop/AZTest-Cpp/build
"BasicExample" start time: Dec 14 01:42 CET
Output:
----------------------------------------------------------
[1m[36m
========================================
  AZ TEST FRAMEWORK v2.0
========================================
[0m
Running 16 test(s)...

[1m
[BasicExample]
[0m[32m  [PASS] [0mSimpleAssertion
[32m  [PASS] [0mIntegerComparison
[32m  [PASS] [0mStringOperations
[32m  [PASS] [0mFloatingPointComparison
[32m  [PASS] [0mAddition
[32m  [PASS] [0mDivision
[32m  [PASS] [0mVectorOperations
[32m  [PASS] [0mVectorEmpty
[33m  [SKIP] [0mSkippedPlaceholder
[33m      /Users/lucastuscher/Desktop/AZTest-Cpp/examples/BasicExample.cpp:82
      Feature not implemented yet
[0m[32m  [PASS] [0mExceptionCheck
[32m  [PASS] [0mStringContains
[32m  [PASS] [0mVectorRangeEquality
[1m
[MathParams]
[0m[32m  [PASS] [0mDoubleIsSum/DefaultParams/1:0
[32m  [PASS] [0mDoubleIsSum/DefaultParams/2:1
[32m  [PASS] [0mDoubleIsSum/DefaultParams/3:5
[32m  [PASS] [0mDoubleIsSum/DefaultParams/4:10
[1m[36m
========================================
[0mTotal: 16 tests
[32mPassed: 15[0m
[33mSkipped: 1[0m
Time: 0.16 ms
[1m[36m========================================
[0m
<end of output>
Test time =   0.32 sec
----------------------------------------------------------
Test Passed.
"BasicExample" end time: Dec 14 01:42 CET
"BasicExample" time elapsed: 00:00:00
----------------------------------------------------------

2/4 Testing: AdvancedExample
2/4 Test: AdvancedExample
Command: "/Users/lucastuscher/Desktop/AZTest-Cpp/build/AdvancedExample"
Directory: /Users/lucastuscher/Desktop/AZTest-Cpp/build
"AdvancedExample" start time: Dec 14 01:42 CET
Output:
----------------------------------------------------------
[1m[36m
========================================
  AZ TEST FRAMEWORK v2.0
========================================
[0m
Running 13 test(s)...

[1m
[Vector3Tests]
[0m[32m  [PASS] [0mConstruction
[32m  [PASS] [0mAddition
[32m  [PASS] [0mLength
[32m  [PASS] [0mNormalization
[32m  [PASS] [0mDotProduct
[1m
[GameObjectTests]
[0m[32m  [PASS] [0mInitialState
[32m  [PASS] [0mMovement
[32m  [PASS] [0mDamage
[32m  [PASS] [0mMovementStopsWhenDead
[1m
[PerformanceTests]
[0m[BENCH] Starting: Vector3Creation
[BENCH] Vector3Creation: 0.923 ms
[32m  [PASS] [0mVector3Creation
[BENCH] Starting: GameObjectUpdate
[BENCH] GameObjectUpdate: 0.38775 ms
[32m  [PASS] [0mGameObjectUpdate
[1m
[StressTests]
[0m[BENCH] Starting: Create 10000 GameObjects
[BENCH] Create 10000 GameObjects: 0.518042 ms
[32m  [PASS] [0mManyGameObjects
[BENCH] Starting: 1000000 Vector additions
[BENCH] 1000000 Vector additions: 23.1277 ms
[32m  [PASS] [0mLargeVectorOperations[33m (23.13 ms)[0m
[1m[36m
========================================
[0mTotal: 13 tests
[32mPassed: 13[0m
Time: 25.11 ms
[1m[36m========================================
[0m
<end of output>
Test time =   0.27 sec
----------------------------------------------------------
Test Passed.
"AdvancedExample" end time: Dec 14 01:42 CET
"AdvancedExample" time elapsed: 00:00:00
----------------------------------------------------------

3/4 Testing: FixtureExample
3/4 Test: FixtureExample
Command: "/Users/lucastuscher/Desktop/AZTest-Cpp/build/FixtureExample"
Directory: /Users/lucastuscher/Desktop/AZTest-Cpp/build
"FixtureExample" start time: Dec 14 01:42 CET
Output:
----------------------------------------------------------
[1m[36m
========================================
  AZ TEST FRAMEWORK v2.0
========================================
[0m
Running 9 test(s)...

[1m
[ResourceManagerFixture]
[0m[32m  [PASS] [0mLoadSingleTexture
[32m  [PASS] [0mLoadMultipleTextures
[32m  [PASS] [0mGetNonExistentTexture
[32m  [PASS] [0mUnloadTexture
[32m  [PASS] [0mUnloadAll
[32m  [PASS] [0mCachedTextureRetrieval
[1m
[DatabaseFixture]
[0m[DB] Setting up database test suite...
[32m  [PASS] [0mInsertAndRetrieve
[32m  [PASS] [0mDeleteEntry
[32m  [PASS] [0mGetNonExistent
[DB] Tearing down database test suite...
[1m[36m
========================================
[0mTotal: 9 tests
[32mPassed: 9[0m
Time: 0.09 ms
[1m[36m========================================
[0m
<end of output>
Test time =   0.26 sec
----------------------------------------------------------
Test Passed.
"FixtureExample" end time: Dec 14 01:42 CET
"FixtureExample" time elapsed: 00:00:00
----------------------------------------------------------

4/4 Testing: FeaturesExample
4/4 Test: FeaturesExample
Command: "/Users/lucastuscher/Desktop/AZTest-Cpp/build/FeaturesExample"
Directory: /Users/lucastuscher/Desktop/AZTest-Cpp/build
"FeaturesExample" start time: Dec 14 01:42 CET
Output:
----------------------------------------------------------
[1m[36m
========================================
  AZ TEST FRAMEWORK v2.0
========================================
[0m
Running 8 test(s)...

[1m
[FeatureDemos]
[0m[32m  [PASS] [0mScopedTrace
[32m  [PASS] [0mStringAssertions
[32m  [PASS] [0mFloatAndException
[1m
[ParametrizedMathTest]
[0m[32m  [PASS] [0mIsEven/EvenNumbers/1:0
[32m  [PASS] [0mIsEven/EvenNumbers/2:2
[32m  [PASS] [0mIsEven/EvenNumbers/3:4
[32m  [PASS] [0mIsEven/EvenNumbers/4:8
[32m  [PASS] [0mIsEven/EvenNumbers/5:12
[1m[36m
========================================
[0mTotal: 8 tests
[32mPassed: 8[0m
Time: 0.27 ms
[1m[36m========================================
[0m
<end of output>
Test time =   0.23 sec
----------------------------------------------------------
Test Passed.
"FeaturesExample" end time: Dec 14 01:42 CET
"FeaturesExample" time elapsed: 00:00:00
----------------------------------------------------------

End testing: Dec 14 01:42 CET
