<?xml version="1.0" encoding="UTF-8"?>
<testsuites>
  <testsuite name="Vector3Tests" tests="5" failures="0" skipped="0" time="0.000">
    <testcase name="Construction" classname="Vector3Tests" time="0.000"/>
    <testcase name="Addition" classname="Vector3Tests" time="0.000"/>
    <testcase name="Length" classname="Vector3Tests" time="0.000"/>
    <testcase name="Normalization" classname="Vector3Tests" time="0.000"/>
    <testcase name="DotProduct" classname="Vector3Tests" time="0.000"/>
  </testsuite>
  <testsuite name="GameObjectTests" tests="4" failures="0" skipped="0" time="0.000">
    <testcase name="InitialState" classname="GameObjectTests" time="0.000"/>
    <testcase name="Movement" classname="GameObjectTests" time="0.000"/>
    <testcase name="Damage" classname="GameObjectTests" time="0.000"/>
    <testcase name="MovementStopsWhenDead" classname="GameObjectTests" time="0.000"/>
  </testsuite>
  <testsuite name="PerformanceTests" tests="2" failures="0" skipped="0" time="0.001">
    <testcase name="Vector3Creation" classname="PerformanceTests" time="0.001"/>
    <testcase name="GameObjectUpdate" classname="PerformanceTests" time="0.000"/>
  </testsuite>
  <testsuite name="StressTests" tests="2" failures="0" skipped="0" time="0.024">
    <testcase name="ManyGameObjects" classname="StressTests" time="0.001"/>
    <testcase name="LargeVectorOperations" classname="StressTests" time="0.023"/>
  </testsuite>
</testsuites>
